0 info it worked if it ends with ok
1 verbose cli [ '/usr/local/Cellar/node/0.10.21/bin/node',
1 verbose cli   '/usr/local/bin/npm',
1 verbose cli   'publish' ]
2 info using npm@1.3.11
3 info using node@v0.10.21
4 verbose publish [ '.' ]
5 verbose cache add [ '.', null ]
6 verbose cache add name=undefined spec="." args=[".",null]
7 verbose parsed url { protocol: null,
7 verbose parsed url   slashes: null,
7 verbose parsed url   auth: null,
7 verbose parsed url   host: null,
7 verbose parsed url   port: null,
7 verbose parsed url   hostname: null,
7 verbose parsed url   hash: null,
7 verbose parsed url   search: null,
7 verbose parsed url   query: null,
7 verbose parsed url   pathname: '.',
7 verbose parsed url   path: '.',
7 verbose parsed url   href: '.' }
8 silly lockFile 3a52ce78- .
9 verbose lock . /Users/r/.npm/3a52ce78-.lock
10 verbose tar pack [ '/var/folders/dr/2yq8mx650w5dtkx2jynfy4sm0000gn/T/npm-81204-wD3ChD0F/1382637770794-0.5115842334926128/tmp.tgz',
10 verbose tar pack   '.' ]
11 verbose tarball /var/folders/dr/2yq8mx650w5dtkx2jynfy4sm0000gn/T/npm-81204-wD3ChD0F/1382637770794-0.5115842334926128/tmp.tgz
12 verbose folder .
13 silly lockFile 1f1177db-tar tar://.
14 verbose lock tar://. /Users/r/.npm/1f1177db-tar.lock
15 silly lockFile 89d6c9f6-70794-0-5115842334926128-tmp-tgz tar:///var/folders/dr/2yq8mx650w5dtkx2jynfy4sm0000gn/T/npm-81204-wD3ChD0F/1382637770794-0.5115842334926128/tmp.tgz
16 verbose lock tar:///var/folders/dr/2yq8mx650w5dtkx2jynfy4sm0000gn/T/npm-81204-wD3ChD0F/1382637770794-0.5115842334926128/tmp.tgz /Users/r/.npm/89d6c9f6-70794-0-5115842334926128-tmp-tgz.lock
17 silly lockFile 1f1177db-tar tar://.
18 silly lockFile 1f1177db-tar tar://.
19 silly lockFile 89d6c9f6-70794-0-5115842334926128-tmp-tgz tar:///var/folders/dr/2yq8mx650w5dtkx2jynfy4sm0000gn/T/npm-81204-wD3ChD0F/1382637770794-0.5115842334926128/tmp.tgz
20 silly lockFile 89d6c9f6-70794-0-5115842334926128-tmp-tgz tar:///var/folders/dr/2yq8mx650w5dtkx2jynfy4sm0000gn/T/npm-81204-wD3ChD0F/1382637770794-0.5115842334926128/tmp.tgz
21 verbose tar unpack /var/folders/dr/2yq8mx650w5dtkx2jynfy4sm0000gn/T/npm-81204-wD3ChD0F/1382637770794-0.5115842334926128/tmp.tgz
22 silly lockFile 51660901-70794-0-5115842334926128-package tar:///var/folders/dr/2yq8mx650w5dtkx2jynfy4sm0000gn/T/npm-81204-wD3ChD0F/1382637770794-0.5115842334926128/package
23 verbose lock tar:///var/folders/dr/2yq8mx650w5dtkx2jynfy4sm0000gn/T/npm-81204-wD3ChD0F/1382637770794-0.5115842334926128/package /Users/r/.npm/51660901-70794-0-5115842334926128-package.lock
24 silly lockFile 89d6c9f6-70794-0-5115842334926128-tmp-tgz tar:///var/folders/dr/2yq8mx650w5dtkx2jynfy4sm0000gn/T/npm-81204-wD3ChD0F/1382637770794-0.5115842334926128/tmp.tgz
25 verbose lock tar:///var/folders/dr/2yq8mx650w5dtkx2jynfy4sm0000gn/T/npm-81204-wD3ChD0F/1382637770794-0.5115842334926128/tmp.tgz /Users/r/.npm/89d6c9f6-70794-0-5115842334926128-tmp-tgz.lock
26 silly gunzTarPerm modes [ '755', '644' ]
27 silly gunzTarPerm extractEntry package.json
28 silly gunzTarPerm extractEntry .npmignore
29 silly gunzTarPerm extractEntry bin/cushions.js
30 silly gunzTarPerm extractEntry bin/stuffing.js
31 silly gunzTarPerm extractEntry readme.md
32 silly gunzTarPerm extractEntry validation/index.js
33 silly gunzTarPerm extractEntry validation/client/autocorrect.js
34 silly gunzTarPerm extractEntry validation/client/underscore.min.js
35 silly gunzTarPerm extractEntry validation/client/couch-fort.png
36 silly gunzTarPerm extractEntry validation/client/empty-sheet.csv
37 silly gunzTarPerm extractEntry validation/client/toIso.xslt
38 silly gunzTarPerm extractEntry validation/client/underscore-min.map
39 silly gunzTarPerm extractEntry validation/criteria/hasBounds.js
40 silly gunzTarPerm extractEntry validation/criteria/hasDistributor.js
41 silly gunzTarPerm extractEntry validation/criteria/hasMetadataAttributes.js
42 silly gunzTarPerm extractEntry validation/criteria/hasMetadataContact.js
43 silly gunzTarPerm extractEntry validation/criteria/hasOriginator.js
44 silly gunzTarPerm extractEntry validation/criteria/hasDescription.js
45 silly gunzTarPerm extractEntry validation/criteria/probablyNotTruncated.js
46 silly gunzTarPerm extractEntry validation/criteria/validLanguageCodes.js
47 silly gunzTarPerm extractEntry validation/criteria/validPhoneNumbers.js
48 silly gunzTarPerm extractEntry validation/criteria/validPubDate.js
49 silly gunzTarPerm extractEntry validation/criteria/validTemporalRange.js
50 silly gunzTarPerm extractEntry validation/criteria/hasTitle.js
51 silly gunzTarPerm extractEntry validation/index.html
52 silly gunzTarPerm extractEntry validation/lists/asCsv.js
53 silly gunzTarPerm extractEntry validation/lists/asGeoJson.js
54 silly gunzTarPerm extractEntry validation/lists/asWaf.js
55 silly gunzTarPerm extractEntry validation/lists/asXml.js
56 silly gunzTarPerm extractEntry validation/lookups/byTitle.js
57 silly gunzTarPerm extractEntry validation/shows/asXml.js
58 silly lockFile 51660901-70794-0-5115842334926128-package tar:///var/folders/dr/2yq8mx650w5dtkx2jynfy4sm0000gn/T/npm-81204-wD3ChD0F/1382637770794-0.5115842334926128/package
59 silly lockFile 51660901-70794-0-5115842334926128-package tar:///var/folders/dr/2yq8mx650w5dtkx2jynfy4sm0000gn/T/npm-81204-wD3ChD0F/1382637770794-0.5115842334926128/package
60 silly lockFile 89d6c9f6-70794-0-5115842334926128-tmp-tgz tar:///var/folders/dr/2yq8mx650w5dtkx2jynfy4sm0000gn/T/npm-81204-wD3ChD0F/1382637770794-0.5115842334926128/tmp.tgz
61 silly lockFile 89d6c9f6-70794-0-5115842334926128-tmp-tgz tar:///var/folders/dr/2yq8mx650w5dtkx2jynfy4sm0000gn/T/npm-81204-wD3ChD0F/1382637770794-0.5115842334926128/tmp.tgz
62 verbose tar pack [ '/Users/r/.npm/cushions/1.0.5/package.tgz',
62 verbose tar pack   '/var/folders/dr/2yq8mx650w5dtkx2jynfy4sm0000gn/T/npm-81204-wD3ChD0F/1382637770794-0.5115842334926128/package' ]
63 verbose tarball /Users/r/.npm/cushions/1.0.5/package.tgz
64 verbose folder /var/folders/dr/2yq8mx650w5dtkx2jynfy4sm0000gn/T/npm-81204-wD3ChD0F/1382637770794-0.5115842334926128/package
65 silly lockFile 51660901-70794-0-5115842334926128-package tar:///var/folders/dr/2yq8mx650w5dtkx2jynfy4sm0000gn/T/npm-81204-wD3ChD0F/1382637770794-0.5115842334926128/package
66 verbose lock tar:///var/folders/dr/2yq8mx650w5dtkx2jynfy4sm0000gn/T/npm-81204-wD3ChD0F/1382637770794-0.5115842334926128/package /Users/r/.npm/51660901-70794-0-5115842334926128-package.lock
67 silly lockFile 6f346c43-r-npm-cushions-1-0-5-package-tgz tar:///Users/r/.npm/cushions/1.0.5/package.tgz
68 verbose lock tar:///Users/r/.npm/cushions/1.0.5/package.tgz /Users/r/.npm/6f346c43-r-npm-cushions-1-0-5-package-tgz.lock
69 silly lockFile 51660901-70794-0-5115842334926128-package tar:///var/folders/dr/2yq8mx650w5dtkx2jynfy4sm0000gn/T/npm-81204-wD3ChD0F/1382637770794-0.5115842334926128/package
70 silly lockFile 51660901-70794-0-5115842334926128-package tar:///var/folders/dr/2yq8mx650w5dtkx2jynfy4sm0000gn/T/npm-81204-wD3ChD0F/1382637770794-0.5115842334926128/package
71 silly lockFile 6f346c43-r-npm-cushions-1-0-5-package-tgz tar:///Users/r/.npm/cushions/1.0.5/package.tgz
72 silly lockFile 6f346c43-r-npm-cushions-1-0-5-package-tgz tar:///Users/r/.npm/cushions/1.0.5/package.tgz
73 silly lockFile 126c18de-ers-r-npm-cushions-1-0-5-package /Users/r/.npm/cushions/1.0.5/package
74 verbose lock /Users/r/.npm/cushions/1.0.5/package /Users/r/.npm/126c18de-ers-r-npm-cushions-1-0-5-package.lock
75 silly lockFile 126c18de-ers-r-npm-cushions-1-0-5-package /Users/r/.npm/cushions/1.0.5/package
76 silly lockFile 126c18de-ers-r-npm-cushions-1-0-5-package /Users/r/.npm/cushions/1.0.5/package
77 verbose tar unpack /Users/r/.npm/cushions/1.0.5/package.tgz
78 silly lockFile 0f645bf3-ers-r-npm-cushions-1-0-5-package tar:///Users/r/.npm/cushions/1.0.5/package
79 verbose lock tar:///Users/r/.npm/cushions/1.0.5/package /Users/r/.npm/0f645bf3-ers-r-npm-cushions-1-0-5-package.lock
80 silly lockFile 6f346c43-r-npm-cushions-1-0-5-package-tgz tar:///Users/r/.npm/cushions/1.0.5/package.tgz
81 verbose lock tar:///Users/r/.npm/cushions/1.0.5/package.tgz /Users/r/.npm/6f346c43-r-npm-cushions-1-0-5-package-tgz.lock
82 silly gunzTarPerm modes [ '755', '644' ]
83 silly gunzTarPerm extractEntry package.json
84 silly gunzTarPerm extractEntry .npmignore
85 silly gunzTarPerm extractEntry bin/cushions.js
86 silly gunzTarPerm extractEntry bin/stuffing.js
87 silly gunzTarPerm extractEntry readme.md
88 silly gunzTarPerm extractEntry validation/index.js
89 silly gunzTarPerm extractEntry validation/client/autocorrect.js
90 silly gunzTarPerm extractEntry validation/client/underscore.min.js
91 silly gunzTarPerm extractEntry validation/client/couch-fort.png
92 silly gunzTarPerm extractEntry validation/client/empty-sheet.csv
93 silly gunzTarPerm extractEntry validation/client/toIso.xslt
94 silly gunzTarPerm extractEntry validation/client/underscore-min.map
95 silly gunzTarPerm extractEntry validation/criteria/hasBounds.js
96 silly gunzTarPerm extractEntry validation/criteria/hasDistributor.js
97 silly gunzTarPerm extractEntry validation/criteria/hasMetadataAttributes.js
98 silly gunzTarPerm extractEntry validation/criteria/hasMetadataContact.js
99 silly gunzTarPerm extractEntry validation/criteria/hasOriginator.js
100 silly gunzTarPerm extractEntry validation/criteria/hasDescription.js
101 silly gunzTarPerm extractEntry validation/criteria/probablyNotTruncated.js
102 silly gunzTarPerm extractEntry validation/criteria/validLanguageCodes.js
103 silly gunzTarPerm extractEntry validation/criteria/validPhoneNumbers.js
104 silly gunzTarPerm extractEntry validation/criteria/validPubDate.js
105 silly gunzTarPerm extractEntry validation/criteria/validTemporalRange.js
106 silly gunzTarPerm extractEntry validation/criteria/hasTitle.js
107 silly gunzTarPerm extractEntry validation/index.html
108 silly gunzTarPerm extractEntry validation/lists/asCsv.js
109 silly gunzTarPerm extractEntry validation/lists/asGeoJson.js
110 silly gunzTarPerm extractEntry validation/lists/asWaf.js
111 silly gunzTarPerm extractEntry validation/lists/asXml.js
112 silly gunzTarPerm extractEntry validation/lookups/byTitle.js
113 silly gunzTarPerm extractEntry validation/shows/asXml.js
114 silly lockFile 0f645bf3-ers-r-npm-cushions-1-0-5-package tar:///Users/r/.npm/cushions/1.0.5/package
115 silly lockFile 0f645bf3-ers-r-npm-cushions-1-0-5-package tar:///Users/r/.npm/cushions/1.0.5/package
116 silly lockFile 6f346c43-r-npm-cushions-1-0-5-package-tgz tar:///Users/r/.npm/cushions/1.0.5/package.tgz
117 silly lockFile 6f346c43-r-npm-cushions-1-0-5-package-tgz tar:///Users/r/.npm/cushions/1.0.5/package.tgz
118 verbose chmod /Users/r/.npm/cushions/1.0.5/package.tgz 644
119 verbose chown /Users/r/.npm/cushions/1.0.5/package.tgz [ 501, 20 ]
120 silly lockFile 3a52ce78- .
121 silly lockFile 3a52ce78- .
122 silly publish { name: 'cushions',
122 silly publish   version: '1.0.5',
122 silly publish   description: 'Validate CSV files and convert them to metadata from the comfort of your CouchDB.',
122 silly publish   main: 'index.js',
122 silly publish   scripts:
122 silly publish    { start: 'node cushions.js',
122 silly publish      test: 'echo "Error: no test specified" && exit 1' },
122 silly publish   repository: { type: 'git', url: 'https://github.com/usgin/cushions.git' },
122 silly publish   keywords: [ 'metadata', 'validation', 'couchdb', 'iso19139' ],
122 silly publish   author: { name: 'Ryan Clark' },
122 silly publish   license: 'MIT',
122 silly publish   bugs: { url: 'https://github.com/usgin/cushions/issues' },
122 silly publish   bin: { cushions: './bin/cushions.js', stuffing: './bin/stuffing.js' },
122 silly publish   preferGlobal: true,
122 silly publish   dependencies:
122 silly publish    { nano: '~4.1.3',
122 silly publish      optimist: '~0.6.0',
122 silly publish      csv: '~0.3.6',
122 silly publish      prompt: '~0.2.11',
122 silly publish      'socket.io': '~0.9.16',
122 silly publish      underscore: '~1.5.2',
122 silly publish      lodash: '~2.2.0',
122 silly publish      async: '~0.2.9' },
122 silly publish   readme: '# Cushions\n\nAnd you thought metadata wasn\'t any fun. This application helps find and correct common mistakes in metadata records.\n\n## Installation\n\nYou need to have two pre-requesite software packages installed: **Node.js** and **CouchDB**. Fortunately they are not hard to install.\n\n### Node.js\n\nYou can find an installer package at http://nodejs.org/download that is appropriate for your computer. For our Windows users, I would suggest picking the appropriate one of these:\n\n- [I have a 64-bit system (most AZGS employees)](http://nodejs.org/dist/v0.10.20/x64/node-v0.10.20-x64.msi)\n- [I have a 32-bit system](http://nodejs.org/dist/v0.10.20/node-v0.10.20-x86.msi)\n\nJust download and run the installer. You can verify that it worked by opening a command prompt and typing `node`. If there are no errors and the prompt changes to a `>`, then it worked.\n\n### CouchDB\n\nYou can find an installer package at https://couchdb.apache.org/#download that is appropriate for your computer. After clicking one of the links, it will ask you to choose a "mirror", but you should just take the first one that it suggests for you. For our Windows users, this will get you an `.exe` file that you can execute to install CouchDB.\n\nDuring installation, choose the default options to run CouchDB as a service, and to start the service automatically. Once the installation is complete, you can verify that it installed correctly by pointing your web browser to http://localhost:5984/_utils.\n\nYou can also install these pre-requisites in other ways (Homebrew or apt-get, or whatever), as long as you know how to use them properly.\n\n### This Application\n\nOpen a command prompt. You\'ll have to use the command prompt, because its good for you and it is totally not hard at all.\n\n1. Type `npm install -g cushions`. You can copy/paste if you\'d like to, but you might find typing to be more rewarding.\n2. Installed!\n\n## Loading Data\n\nYou\'ll still need that command prompt open, and you\'ll need a [CSV file that at least tries to conform to our compilation template](http://schemas.usgin.org/models/#Metadata). You\'ll need to know the path to your CSV file. Something like `C:\\Users\\Ryan\\Documents\\my-csv-file.csv` is probably what you\'ll be looking for.\n\nNow you\'ve got that in place, you\'re going to need to be sure you\'ve got CouchDB turned on (check that http://localhost:5984 gives you a little JSON).\n\nOkay, so load some data:\n\n    stuffing -d your-new-database -f path-to-your-csv\n    \nSo, that might end up looking like this:\n\n    stuffing -d stanford -f C:\\Users\\Ryan\\Documents\\stanford-metadata.csv\n    \nThis will create a database called `stanford` and load records into it from the CSV file at `C:\\Users\\Ryan\\Documents\\stanford-metadata.csv`.\n    \nLoading will take a little bit of time, depending on the number of records. It will let you know how long it took when its done. Expect it to take about 30 seconds for about 13,000 records.\n\n## Validating Data\n\nYou need to turn on Cushions now. From a command prompt type:\n\n    cushions\n    \nIf you see `info - socket.io started`, then it worked. Leave that command prompt alone while you work.\n\nNow Cushions are ready to protect you: your data is loaded into CouchDB, and it is ready to be validated. Go to this URL in your web-browser:\n\n    http://localhost:5984/your-database-name/_design/validation/index.html\n    \nSo, in my case:\n\n    http://localhost:5984/stanford/_design/validation/index.html\n    \nThis will bring up a web site that will begin validating your records. You\'ll see a list of the criteria that are being used for validation. As the validation completes, it will tell you, for each criteria, how many records are valid, and how many are invalid.\n\nYou can click on the results to see a JSON document that describes which records are valid or invalid. You should definintely use a browser extension that will make the JSON prettier so you can read it. \n\nIf the record was invalid, you might get a report describing why it was invalid like \n\n    "problem": "The title was missing"\n    \nor\n\n    "problem": "The publication date was invalid"\n    \nIf you\'re lucky, your problem can be automatically corrected. In that case, there will be a `suggestion` which indicates what Cushions thinks might be what your metadata compiler meant. You can use Cushions to automatically apply these `suggestions` to your metadata content.\n\n### How do I make automatic corrections?\n\n1. Go to the validation page: `http://localhost:5984/your-database-name/_design/validation/index.html`.\n2. Push the *Apply Automatic Corrections* button.\n3. Wait a little while. Not too long, it will tell you when its done.\n\n### How do I change the validation / correction criteria?\n\nRead some other documentation that I haven\'t written just yet.\n',
122 silly publish   readmeFilename: 'readme.md',
122 silly publish   _id: 'cushions@1.0.5',
122 silly publish   dist: { shasum: '68c8500c9fcc3057dd4532af94f11d9847787e6b' },
122 silly publish   _from: '.' }
123 verbose url raw cushions
124 verbose url resolving [ 'https://registry.npmjs.org/', './cushions' ]
125 verbose url resolved https://registry.npmjs.org/cushions
126 info trying registry request attempt 1 at 11:02:52
127 http PUT https://registry.npmjs.org/cushions
128 http 409 https://registry.npmjs.org/cushions
129 verbose url raw cushions
130 verbose url resolving [ 'https://registry.npmjs.org/', './cushions' ]
131 verbose url resolved https://registry.npmjs.org/cushions
132 info trying registry request attempt 1 at 11:02:52
133 http GET https://registry.npmjs.org/cushions
134 http 200 https://registry.npmjs.org/cushions
135 error publish fail Cannot publish over existing version.
135 error publish fail Update the 'version' field in package.json and try again.
135 error publish fail
135 error publish fail If the previous version was published in error, see:
135 error publish fail     npm help unpublish
135 error publish fail
135 error publish fail To automatically increment version numbers, see:
135 error publish fail     npm help version
136 error System Darwin 13.0.0
137 error command "/usr/local/Cellar/node/0.10.21/bin/node" "/usr/local/bin/npm" "publish"
138 error cwd /Users/r/gh/usgin/cushions
139 error node -v v0.10.21
140 error npm -v 1.3.11
141 error code EPUBLISHCONFLICT
142 verbose exit [ 1, true ]
